Using pre-set license
Built from '2020.3/staging' branch; Version is '2020.3.4f1 (0abb6314276a) revision 703331'; Using compiler version '192528614'; Build Type 'Release'
OS: 'Windows 10 Pro; OS build 19041.1; Version 2004; 64bit' Language: 'ru' Physical Memory: 16315 MB
BatchMode: 1, IsHumanControllingUs: 0, StartBugReporterOnCrash: 0, Is64bit: 1, IsPro: 0

 COMMAND LINE ARGUMENTS:
C:\Program Files\2020.3.4f1\Editor\Unity.exe
-adb2
-batchMode
-noUpm
-name
AssetImportWorker0
-projectPath
D:/Projects/Unity/UnitySnake-main
-logFile
Logs/AssetImportWorker0.log
-srvPort
4303
Successfully changed project path to: D:/Projects/Unity/UnitySnake-main
D:/Projects/Unity/UnitySnake-main
Using Asset Import Pipeline V2.
Refreshing native plugins compatible for Editor in 34.69 ms, found 1 plugins.
Preloading 0 native plugins for Editor in 0.00 ms.
Initialize engine version: 2020.3.4f1 (0abb6314276a)
[Subsystems] Discovering subsystems at path C:/Program Files/2020.3.4f1/Editor/Data/Resources/UnitySubsystems
[Subsystems] Discovering subsystems at path D:/Projects/Unity/UnitySnake-main/Assets
GfxDevice: creating device client; threaded=0
Direct3D:
    Version:  Direct3D 11.0 [level 11.1]
    Renderer: Radeon RX 590 Series (ID=0x67df)
    Vendor:   
    VRAM:     8171 MB
    Driver:   27.20.21002.112
Initialize mono
Mono path[0] = 'C:/Program Files/2020.3.4f1/Editor/Data/Managed'
Mono path[1] = 'C:/Program Files/2020.3.4f1/Editor/Data/MonoBleedingEdge/lib/mono/unityjit'
Mono config path = 'C:/Program Files/2020.3.4f1/Editor/Data/MonoBleedingEdge/etc'
Using monoOptions --debugger-agent=transport=dt_socket,embedding=1,server=y,suspend=n,address=127.0.0.1:56108
Begin MonoManager ReloadAssembly
Registering precompiled unity dll's ...
Register platform support module: C:/Program Files/2020.3.4f1/Editor/Data/PlaybackEngines/WebGLSupport/UnityEditor.WebGL.Extensions.dll
Register platform support module: C:/Program Files/2020.3.4f1/Editor/Data/PlaybackEngines/WindowsStandaloneSupport/UnityEditor.WindowsStandalone.Extensions.dll
Registered in 0.003371 seconds.
Native extension for WindowsStandalone target not found
Native extension for WebGL target not found
Refreshing native plugins compatible for Editor in 35.65 ms, found 1 plugins.
Preloading 0 native plugins for Editor in 0.00 ms.
Mono: successfully reloaded assembly
- Completed reload, in  2.569 seconds
Platform modules already initialized, skipping
Registering precompiled user dll's ...
Registered in 0.000823 seconds.
Begin MonoManager ReloadAssembly
Native extension for WindowsStandalone target not found
Native extension for WebGL target not found
Refreshing native plugins compatible for Editor in 39.70 ms, found 1 plugins.
Preloading 0 native plugins for Editor in 0.00 ms.
Mono: successfully reloaded assembly
- Completed reload, in  1.002 seconds
Platform modules already initialized, skipping
========================================================================
Worker process is ready to serve import requests
Launched and connected shader compiler UnityShaderCompiler.exe after 0.07 seconds
Refreshing native plugins compatible for Editor in 0.34 ms, found 1 plugins.
Preloading 0 native plugins for Editor in 0.00 ms.
Unloading 1809 Unused Serialized files (Serialized files now loaded: 0)
System memory in use before: 84.9 MB.
System memory in use after: 84.8 MB.

Unloading 24 unused Assets to reduce memory usage. Loaded Objects now: 2251.
Total: 2.095200 ms (FindLiveObjects: 0.242500 ms CreateObjectMapping: 0.050100 ms MarkObjects: 1.673600 ms  DeleteObjects: 0.127900 ms)

========================================================================
Received Import Request.
  path: Assets/Textures/Body.prefab
  artifactKey: Guid(50a55fa04df8d774d917dc042142b362) Importer(815301076,1909f56bfc062723c751e8b465ee728b)
Start importing Assets/Textures/Body.prefab using Guid(50a55fa04df8d774d917dc042142b362) Importer(815301076,1909f56bfc062723c751e8b465ee728b)  -> (artifact id: '2493b7c173e1285fa78bbec93e79a5e0') in 0.111584 seconds
  Import took 0.132210 seconds .

========================================================================
Received Import Request.
  Time since last request: 0.000366 seconds.
  path: Assets/Textures/Head.prefab
  artifactKey: Guid(a051b8daeb090b94586ea568605444a1) Importer(815301076,1909f56bfc062723c751e8b465ee728b)
Start importing Assets/Textures/Head.prefab using Guid(a051b8daeb090b94586ea568605444a1) Importer(815301076,1909f56bfc062723c751e8b465ee728b)  -> (artifact id: '33ea57441ab3cef28f918d4c91919aa9') in 0.010715 seconds
  Import took 0.014652 seconds .

========================================================================
Received Import Request.
  Time since last request: 2.708884 seconds.
  path: Assets/Textures/Bone.prefab
  artifactKey: Guid(475a0c7a422014c408fd23a9dcfea527) Importer(815301076,1909f56bfc062723c751e8b465ee728b)
Start importing Assets/Textures/Bone.prefab using Guid(475a0c7a422014c408fd23a9dcfea527) Importer(815301076,1909f56bfc062723c751e8b465ee728b)  -> (artifact id: '2da640e7c497f931f14f6b4ae453f85a') in 0.012550 seconds
  Import took 0.016208 seconds .

========================================================================
Received Import Request.
  Time since last request: 10.551108 seconds.
  path: Assets/Textures/Apple.prefab
  artifactKey: Guid(8f09ae71334498844b5a756e3ea335a7) Importer(815301076,1909f56bfc062723c751e8b465ee728b)
Start importing Assets/Textures/Apple.prefab using Guid(8f09ae71334498844b5a756e3ea335a7) Importer(815301076,1909f56bfc062723c751e8b465ee728b)  -> (artifact id: 'd9ab236b5061724238cf9d92166fee13') in 0.015055 seconds
  Import took 0.018489 seconds .

========================================================================
Received Import Request.
  Time since last request: 222.793567 seconds.
  path: Assets/Scripts/Script.cs
  artifactKey: Guid(f30364fa7f1b47e4a8925dd107a7afdc) Importer(815301076,1909f56bfc062723c751e8b465ee728b)
Start importing Assets/Scripts/Script.cs using Guid(f30364fa7f1b47e4a8925dd107a7afdc) Importer(815301076,1909f56bfc062723c751e8b465ee728b)  -> (artifact id: '10a56c2be24d1a6923eaa7b5ee09c517') in 0.008649 seconds
  Import took 0.012768 seconds .

========================================================================
Received Import Request.
  Time since last request: 0.000353 seconds.
  path: Assets/Scripts/Script.cs
  artifactKey: Guid(f30364fa7f1b47e4a8925dd107a7afdc) Importer(815301076,1909f56bfc062723c751e8b465ee728b)
Start importing Assets/Scripts/Script.cs using Guid(f30364fa7f1b47e4a8925dd107a7afdc) Importer(815301076,1909f56bfc062723c751e8b465ee728b)  -> (artifact id: '10a56c2be24d1a6923eaa7b5ee09c517') in 0.001637 seconds
  Import took 0.004608 seconds .

========================================================================
Received Prepare
Registering precompiled user dll's ...
Registered in 0.000871 seconds.
Begin MonoManager ReloadAssembly
Native extension for WindowsStandalone target not found
Native extension for WebGL target not found
Refreshing native plugins compatible for Editor in 0.38 ms, found 1 plugins.
Preloading 0 native plugins for Editor in 0.00 ms.
Mono: successfully reloaded assembly
- Completed reload, in  0.899 seconds
Platform modules already initialized, skipping
Refreshing native plugins compatible for Editor in 0.40 ms, found 1 plugins.
Preloading 0 native plugins for Editor in 0.00 ms.
Unloading 1804 Unused Serialized files (Serialized files now loaded: 0)
System memory in use before: 87.9 MB.
System memory in use after: 87.9 MB.

Unloading 12 unused Assets to reduce memory usage. Loaded Objects now: 2262.
Total: 3.182800 ms (FindLiveObjects: 0.257100 ms CreateObjectMapping: 0.072200 ms MarkObjects: 2.696600 ms  DeleteObjects: 0.155400 ms)

========================================================================
Received Prepare
Registering precompiled user dll's ...
Registered in 0.000859 seconds.
Begin MonoManager ReloadAssembly
Native extension for WindowsStandalone target not found
Native extension for WebGL target not found
Refreshing native plugins compatible for Editor in 0.36 ms, found 1 plugins.
Preloading 0 native plugins for Editor in 0.00 ms.
Mono: successfully reloaded assembly
- Completed reload, in  0.893 seconds
Platform modules already initialized, skipping
Refreshing native plugins compatible for Editor in 0.35 ms, found 1 plugins.
Preloading 0 native plugins for Editor in 0.00 ms.
Unloading 1804 Unused Serialized files (Serialized files now loaded: 0)
System memory in use before: 88.0 MB.
System memory in use after: 87.9 MB.

Unloading 12 unused Assets to reduce memory usage. Loaded Objects now: 2266.
Total: 2.639800 ms (FindLiveObjects: 0.272300 ms CreateObjectMapping: 0.062000 ms MarkObjects: 2.167400 ms  DeleteObjects: 0.136500 ms)

========================================================================
Received Prepare
Registering precompiled user dll's ...
Registered in 0.000909 seconds.
Begin MonoManager ReloadAssembly
Native extension for WindowsStandalone target not found
Native extension for WebGL target not found
Refreshing native plugins compatible for Editor in 0.36 ms, found 1 plugins.
Preloading 0 native plugins for Editor in 0.00 ms.
Mono: successfully reloaded assembly
- Completed reload, in  0.888 seconds
Platform modules already initialized, skipping
Refreshing native plugins compatible for Editor in 0.34 ms, found 1 plugins.
Preloading 0 native plugins for Editor in 0.00 ms.
Unloading 1804 Unused Serialized files (Serialized files now loaded: 0)
System memory in use before: 88.0 MB.
System memory in use after: 88.0 MB.

Unloading 12 unused Assets to reduce memory usage. Loaded Objects now: 2270.
Total: 2.432200 ms (FindLiveObjects: 0.241100 ms CreateObjectMapping: 0.051000 ms MarkObjects: 2.016400 ms  DeleteObjects: 0.122100 ms)

========================================================================
Received Prepare
Registering precompiled user dll's ...
Registered in 0.000947 seconds.
Begin MonoManager ReloadAssembly
Native extension for WindowsStandalone target not found
Native extension for WebGL target not found
Refreshing native plugins compatible for Editor in 0.52 ms, found 1 plugins.
Preloading 0 native plugins for Editor in 0.00 ms.
Mono: successfully reloaded assembly
- Completed reload, in  0.889 seconds
Platform modules already initialized, skipping
Refreshing native plugins compatible for Editor in 0.36 ms, found 1 plugins.
Preloading 0 native plugins for Editor in 0.00 ms.
Unloading 1804 Unused Serialized files (Serialized files now loaded: 0)
System memory in use before: 88.0 MB.
System memory in use after: 88.0 MB.

Unloading 12 unused Assets to reduce memory usage. Loaded Objects now: 2274.
Total: 2.509200 ms (FindLiveObjects: 0.241800 ms CreateObjectMapping: 0.057100 ms MarkObjects: 2.083700 ms  DeleteObjects: 0.125000 ms)

========================================================================
Received Prepare
Registering precompiled user dll's ...
Registered in 0.001029 seconds.
Begin MonoManager ReloadAssembly
Native extension for WindowsStandalone target not found
Native extension for WebGL target not found
Refreshing native plugins compatible for Editor in 0.37 ms, found 1 plugins.
Preloading 0 native plugins for Editor in 0.00 ms.
Mono: successfully reloaded assembly
- Completed reload, in  0.877 seconds
Platform modules already initialized, skipping
Refreshing native plugins compatible for Editor in 0.38 ms, found 1 plugins.
Preloading 0 native plugins for Editor in 0.00 ms.
Unloading 1804 Unused Serialized files (Serialized files now loaded: 0)
System memory in use before: 88.0 MB.
System memory in use after: 88.0 MB.

Unloading 12 unused Assets to reduce memory usage. Loaded Objects now: 2278.
Total: 2.172200 ms (FindLiveObjects: 0.270000 ms CreateObjectMapping: 0.045200 ms MarkObjects: 1.731600 ms  DeleteObjects: 0.124600 ms)

========================================================================
Received Prepare
Registering precompiled user dll's ...
Registered in 0.000837 seconds.
Begin MonoManager ReloadAssembly
Native extension for WindowsStandalone target not found
Native extension for WebGL target not found
Refreshing native plugins compatible for Editor in 0.39 ms, found 1 plugins.
Preloading 0 native plugins for Editor in 0.00 ms.
Mono: successfully reloaded assembly
- Completed reload, in  0.884 seconds
Platform modules already initialized, skipping
Refreshing native plugins compatible for Editor in 0.39 ms, found 1 plugins.
Preloading 0 native plugins for Editor in 0.00 ms.
Unloading 1804 Unused Serialized files (Serialized files now loaded: 0)
System memory in use before: 88.0 MB.
System memory in use after: 88.0 MB.

Unloading 12 unused Assets to reduce memory usage. Loaded Objects now: 2282.
Total: 2.648500 ms (FindLiveObjects: 0.273000 ms CreateObjectMapping: 0.044000 ms MarkObjects: 2.183300 ms  DeleteObjects: 0.146600 ms)

========================================================================
Received Prepare
Registering precompiled user dll's ...
Registered in 0.000865 seconds.
Begin MonoManager ReloadAssembly
Native extension for WindowsStandalone target not found
Native extension for WebGL target not found
Refreshing native plugins compatible for Editor in 0.38 ms, found 1 plugins.
Preloading 0 native plugins for Editor in 0.00 ms.
Mono: successfully reloaded assembly
- Completed reload, in  0.874 seconds
Platform modules already initialized, skipping
Refreshing native plugins compatible for Editor in 0.59 ms, found 1 plugins.
Preloading 0 native plugins for Editor in 0.00 ms.
Unloading 1804 Unused Serialized files (Serialized files now loaded: 0)
System memory in use before: 88.0 MB.
System memory in use after: 88.0 MB.

Unloading 12 unused Assets to reduce memory usage. Loaded Objects now: 2286.
Total: 2.714400 ms (FindLiveObjects: 0.253400 ms CreateObjectMapping: 0.045000 ms MarkObjects: 2.270200 ms  DeleteObjects: 0.144600 ms)

========================================================================
Received Prepare
Registering precompiled user dll's ...
Registered in 0.000972 seconds.
Begin MonoManager ReloadAssembly
Native extension for WindowsStandalone target not found
Native extension for WebGL target not found
Refreshing native plugins compatible for Editor in 0.42 ms, found 1 plugins.
Preloading 0 native plugins for Editor in 0.00 ms.
Mono: successfully reloaded assembly
- Completed reload, in  0.861 seconds
Platform modules already initialized, skipping
Refreshing native plugins compatible for Editor in 0.35 ms, found 1 plugins.
Preloading 0 native plugins for Editor in 0.00 ms.
Unloading 1804 Unused Serialized files (Serialized files now loaded: 0)
System memory in use before: 88.1 MB.
System memory in use after: 88.0 MB.

Unloading 12 unused Assets to reduce memory usage. Loaded Objects now: 2290.
Total: 2.445500 ms (FindLiveObjects: 0.228800 ms CreateObjectMapping: 0.044000 ms MarkObjects: 2.054100 ms  DeleteObjects: 0.117400 ms)

========================================================================
Received Prepare
Registering precompiled user dll's ...
Registered in 0.000895 seconds.
Begin MonoManager ReloadAssembly
Native extension for WindowsStandalone target not found
Native extension for WebGL target not found
Refreshing native plugins compatible for Editor in 0.48 ms, found 1 plugins.
Preloading 0 native plugins for Editor in 0.00 ms.
Mono: successfully reloaded assembly
- Completed reload, in  0.893 seconds
Platform modules already initialized, skipping
Refreshing native plugins compatible for Editor in 0.34 ms, found 1 plugins.
Preloading 0 native plugins for Editor in 0.00 ms.
Unloading 1804 Unused Serialized files (Serialized files now loaded: 0)
System memory in use before: 88.1 MB.
System memory in use after: 88.0 MB.

Unloading 12 unused Assets to reduce memory usage. Loaded Objects now: 2294.
Total: 2.940900 ms (FindLiveObjects: 0.283300 ms CreateObjectMapping: 0.071400 ms MarkObjects: 2.457000 ms  DeleteObjects: 0.127600 ms)

========================================================================
Received Prepare
Registering precompiled user dll's ...
Registered in 0.000927 seconds.
Begin MonoManager ReloadAssembly
Native extension for WindowsStandalone target not found
Native extension for WebGL target not found
Refreshing native plugins compatible for Editor in 0.45 ms, found 1 plugins.
Preloading 0 native plugins for Editor in 0.00 ms.
Mono: successfully reloaded assembly
- Completed reload, in  0.902 seconds
Platform modules already initialized, skipping
Refreshing native plugins compatible for Editor in 0.35 ms, found 1 plugins.
Preloading 0 native plugins for Editor in 0.00 ms.
Unloading 1804 Unused Serialized files (Serialized files now loaded: 0)
System memory in use before: 88.1 MB.
System memory in use after: 88.0 MB.

Unloading 12 unused Assets to reduce memory usage. Loaded Objects now: 2298.
Total: 2.301200 ms (FindLiveObjects: 0.250800 ms CreateObjectMapping: 0.047900 ms MarkObjects: 1.822300 ms  DeleteObjects: 0.178600 ms)

========================================================================
Received Prepare
Registering precompiled user dll's ...
Registered in 0.001090 seconds.
Begin MonoManager ReloadAssembly
Native extension for WindowsStandalone target not found
Native extension for WebGL target not found
Refreshing native plugins compatible for Editor in 0.40 ms, found 1 plugins.
Preloading 0 native plugins for Editor in 0.00 ms.
Mono: successfully reloaded assembly
- Completed reload, in  0.884 seconds
Platform modules already initialized, skipping
Refreshing native plugins compatible for Editor in 0.37 ms, found 1 plugins.
Preloading 0 native plugins for Editor in 0.00 ms.
Unloading 1804 Unused Serialized files (Serialized files now loaded: 0)
System memory in use before: 88.1 MB.
System memory in use after: 88.1 MB.

Unloading 12 unused Assets to reduce memory usage. Loaded Objects now: 2302.
Total: 2.198100 ms (FindLiveObjects: 0.222500 ms CreateObjectMapping: 0.045000 ms MarkObjects: 1.807000 ms  DeleteObjects: 0.122100 ms)

========================================================================
Received Prepare
Registering precompiled user dll's ...
Registered in 0.000927 seconds.
Begin MonoManager ReloadAssembly
Native extension for WindowsStandalone target not found
Native extension for WebGL target not found
Refreshing native plugins compatible for Editor in 0.47 ms, found 1 plugins.
Preloading 0 native plugins for Editor in 0.00 ms.
Mono: successfully reloaded assembly
- Completed reload, in  0.882 seconds
Platform modules already initialized, skipping
Refreshing native plugins compatible for Editor in 0.43 ms, found 1 plugins.
Preloading 0 native plugins for Editor in 0.00 ms.
Unloading 1804 Unused Serialized files (Serialized files now loaded: 0)
System memory in use before: 88.1 MB.
System memory in use after: 88.1 MB.

Unloading 12 unused Assets to reduce memory usage. Loaded Objects now: 2306.
Total: 2.712700 ms (FindLiveObjects: 0.240100 ms CreateObjectMapping: 0.042100 ms MarkObjects: 2.293500 ms  DeleteObjects: 0.135800 ms)

========================================================================
Received Prepare
Registering precompiled user dll's ...
Registered in 0.000854 seconds.
Begin MonoManager ReloadAssembly
Native extension for WindowsStandalone target not found
Native extension for WebGL target not found
Refreshing native plugins compatible for Editor in 0.37 ms, found 1 plugins.
Preloading 0 native plugins for Editor in 0.00 ms.
Mono: successfully reloaded assembly
- Completed reload, in  0.876 seconds
Platform modules already initialized, skipping
Refreshing native plugins compatible for Editor in 0.35 ms, found 1 plugins.
Preloading 0 native plugins for Editor in 0.00 ms.
Unloading 1804 Unused Serialized files (Serialized files now loaded: 0)
System memory in use before: 88.1 MB.
System memory in use after: 88.1 MB.

Unloading 12 unused Assets to reduce memory usage. Loaded Objects now: 2310.
Total: 2.247400 ms (FindLiveObjects: 0.235300 ms CreateObjectMapping: 0.040700 ms MarkObjects: 1.839000 ms  DeleteObjects: 0.131200 ms)

========================================================================
Received Prepare
Registering precompiled user dll's ...
Registered in 0.000912 seconds.
Begin MonoManager ReloadAssembly
Native extension for WindowsStandalone target not found
Native extension for WebGL target not found
Refreshing native plugins compatible for Editor in 0.37 ms, found 1 plugins.
Preloading 0 native plugins for Editor in 0.00 ms.
Mono: successfully reloaded assembly
- Completed reload, in  0.898 seconds
Platform modules already initialized, skipping
Refreshing native plugins compatible for Editor in 0.45 ms, found 1 plugins.
Preloading 0 native plugins for Editor in 0.00 ms.
Unloading 1804 Unused Serialized files (Serialized files now loaded: 0)
System memory in use before: 88.1 MB.
System memory in use after: 88.1 MB.

Unloading 12 unused Assets to reduce memory usage. Loaded Objects now: 2314.
Total: 2.608700 ms (FindLiveObjects: 0.390500 ms CreateObjectMapping: 0.047300 ms MarkObjects: 2.027700 ms  DeleteObjects: 0.141800 ms)

========================================================================
Received Prepare
Registering precompiled user dll's ...
Registered in 0.000912 seconds.
Begin MonoManager ReloadAssembly
Native extension for WindowsStandalone target not found
Native extension for WebGL target not found
Refreshing native plugins compatible for Editor in 0.38 ms, found 1 plugins.
Preloading 0 native plugins for Editor in 0.00 ms.
Mono: successfully reloaded assembly
- Completed reload, in  0.938 seconds
Platform modules already initialized, skipping
Refreshing native plugins compatible for Editor in 0.37 ms, found 1 plugins.
Preloading 0 native plugins for Editor in 0.00 ms.
Unloading 1804 Unused Serialized files (Serialized files now loaded: 0)
System memory in use before: 88.1 MB.
System memory in use after: 88.1 MB.

Unloading 12 unused Assets to reduce memory usage. Loaded Objects now: 2318.
Total: 2.728800 ms (FindLiveObjects: 0.321800 ms CreateObjectMapping: 0.048500 ms MarkObjects: 2.216800 ms  DeleteObjects: 0.140500 ms)

========================================================================
Received Prepare
Registering precompiled user dll's ...
Registered in 0.000883 seconds.
Begin MonoManager ReloadAssembly
Native extension for WindowsStandalone target not found
Native extension for WebGL target not found
Refreshing native plugins compatible for Editor in 0.40 ms, found 1 plugins.
Preloading 0 native plugins for Editor in 0.00 ms.
Mono: successfully reloaded assembly
- Completed reload, in  0.891 seconds
Platform modules already initialized, skipping
Refreshing native plugins compatible for Editor in 0.43 ms, found 1 plugins.
Preloading 0 native plugins for Editor in 0.00 ms.
Unloading 1804 Unused Serialized files (Serialized files now loaded: 0)
System memory in use before: 88.1 MB.
System memory in use after: 88.1 MB.

Unloading 12 unused Assets to reduce memory usage. Loaded Objects now: 2322.
Total: 2.143000 ms (FindLiveObjects: 0.299800 ms CreateObjectMapping: 0.043800 ms MarkObjects: 1.677900 ms  DeleteObjects: 0.119600 ms)

========================================================================
Received Prepare
Registering precompiled user dll's ...
Registered in 0.001105 seconds.
Begin MonoManager ReloadAssembly
Native extension for WindowsStandalone target not found
Native extension for WebGL target not found
Refreshing native plugins compatible for Editor in 0.41 ms, found 1 plugins.
Preloading 0 native plugins for Editor in 0.00 ms.
Mono: successfully reloaded assembly
- Completed reload, in  0.875 seconds
Platform modules already initialized, skipping
Refreshing native plugins compatible for Editor in 0.34 ms, found 1 plugins.
Preloading 0 native plugins for Editor in 0.00 ms.
Unloading 1804 Unused Serialized files (Serialized files now loaded: 0)
System memory in use before: 88.1 MB.
System memory in use after: 88.1 MB.

Unloading 12 unused Assets to reduce memory usage. Loaded Objects now: 2326.
Total: 2.429100 ms (FindLiveObjects: 0.290400 ms CreateObjectMapping: 0.057100 ms MarkObjects: 1.958700 ms  DeleteObjects: 0.121800 ms)

========================================================================
Received Prepare
Registering precompiled user dll's ...
Registered in 0.000892 seconds.
Begin MonoManager ReloadAssembly
Native extension for WindowsStandalone target not found
Native extension for WebGL target not found
Refreshing native plugins compatible for Editor in 0.46 ms, found 1 plugins.
Preloading 0 native plugins for Editor in 0.00 ms.
Mono: successfully reloaded assembly
- Completed reload, in  0.915 seconds
Platform modules already initialized, skipping
Refreshing native plugins compatible for Editor in 0.54 ms, found 1 plugins.
Preloading 0 native plugins for Editor in 0.00 ms.
Unloading 1804 Unused Serialized files (Serialized files now loaded: 0)
System memory in use before: 88.1 MB.
System memory in use after: 88.1 MB.

Unloading 12 unused Assets to reduce memory usage. Loaded Objects now: 2330.
Total: 2.629400 ms (FindLiveObjects: 0.258800 ms CreateObjectMapping: 0.043300 ms MarkObjects: 2.194300 ms  DeleteObjects: 0.131800 ms)

========================================================================
Received Prepare
Registering precompiled user dll's ...
Registered in 0.000899 seconds.
Begin MonoManager ReloadAssembly
Native extension for WindowsStandalone target not found
Native extension for WebGL target not found
Refreshing native plugins compatible for Editor in 0.36 ms, found 1 plugins.
Preloading 0 native plugins for Editor in 0.00 ms.
Mono: successfully reloaded assembly
- Completed reload, in  0.886 seconds
Platform modules already initialized, skipping
Refreshing native plugins compatible for Editor in 0.36 ms, found 1 plugins.
Preloading 0 native plugins for Editor in 0.00 ms.
Unloading 1804 Unused Serialized files (Serialized files now loaded: 0)
System memory in use before: 88.1 MB.
System memory in use after: 88.1 MB.

Unloading 12 unused Assets to reduce memory usage. Loaded Objects now: 2334.
Total: 2.140000 ms (FindLiveObjects: 0.220700 ms CreateObjectMapping: 0.040700 ms MarkObjects: 1.751700 ms  DeleteObjects: 0.126000 ms)

========================================================================
Received Prepare
Registering precompiled user dll's ...
Registered in 0.000892 seconds.
Begin MonoManager ReloadAssembly
Native extension for WindowsStandalone target not found
Native extension for WebGL target not found
Refreshing native plugins compatible for Editor in 0.37 ms, found 1 plugins.
Preloading 0 native plugins for Editor in 0.00 ms.
Mono: successfully reloaded assembly
- Completed reload, in  0.878 seconds
Platform modules already initialized, skipping
Refreshing native plugins compatible for Editor in 0.39 ms, found 1 plugins.
Preloading 0 native plugins for Editor in 0.00 ms.
Unloading 1804 Unused Serialized files (Serialized files now loaded: 0)
System memory in use before: 88.2 MB.
System memory in use after: 88.1 MB.

Unloading 12 unused Assets to reduce memory usage. Loaded Objects now: 2338.
Total: 2.226000 ms (FindLiveObjects: 0.247200 ms CreateObjectMapping: 0.043600 ms MarkObjects: 1.806800 ms  DeleteObjects: 0.126800 ms)

========================================================================
Received Prepare
Registering precompiled user dll's ...
Registered in 0.001148 seconds.
Begin MonoManager ReloadAssembly
Native extension for WindowsStandalone target not found
Native extension for WebGL target not found
Refreshing native plugins compatible for Editor in 0.38 ms, found 1 plugins.
Preloading 0 native plugins for Editor in 0.00 ms.
Mono: successfully reloaded assembly
- Completed reload, in  0.874 seconds
Platform modules already initialized, skipping
Refreshing native plugins compatible for Editor in 0.37 ms, found 1 plugins.
Preloading 0 native plugins for Editor in 0.00 ms.
Unloading 1804 Unused Serialized files (Serialized files now loaded: 0)
System memory in use before: 88.2 MB.
System memory in use after: 88.1 MB.

Unloading 12 unused Assets to reduce memory usage. Loaded Objects now: 2342.
Total: 2.859600 ms (FindLiveObjects: 0.248300 ms CreateObjectMapping: 0.057900 ms MarkObjects: 2.406000 ms  DeleteObjects: 0.145600 ms)

========================================================================
Received Prepare
Registering precompiled user dll's ...
Registered in 0.000870 seconds.
Begin MonoManager ReloadAssembly
Native extension for WindowsStandalone target not found
Native extension for WebGL target not found
Refreshing native plugins compatible for Editor in 0.36 ms, found 1 plugins.
Preloading 0 native plugins for Editor in 0.00 ms.
Mono: successfully reloaded assembly
- Completed reload, in  0.868 seconds
Platform modules already initialized, skipping
Refreshing native plugins compatible for Editor in 0.34 ms, found 1 plugins.
Preloading 0 native plugins for Editor in 0.00 ms.
Unloading 1804 Unused Serialized files (Serialized files now loaded: 0)
System memory in use before: 88.2 MB.
System memory in use after: 88.1 MB.

Unloading 12 unused Assets to reduce memory usage. Loaded Objects now: 2346.
Total: 2.195200 ms (FindLiveObjects: 0.232000 ms CreateObjectMapping: 0.042100 ms MarkObjects: 1.758700 ms  DeleteObjects: 0.160500 ms)

AssetImportWorkerClient::OnTransportError - code=2 error=End of file
